
> techphoria@0.1.0 build
> next build

   Γû▓ Next.js 15.5.4

   Creating an optimized production build ...
 Γ£ô Compiled successfully in 5.8s
   Linting and checking validity of types ...
   Collecting page data ...
   Generating static pages (0/5) ...
   Generating static pages (1/5) 
   Generating static pages (2/5) 
   Generating static pages (3/5) 
 Γ£ô Generating static pages (5/5)
   Finalizing page optimization ...
   Collecting build traces ...

Route (app)                                 Size  First Load JS
Γöî Γùï /                                    7.12 kB         109 kB
Γöö Γùï /_not-found                            991 B         103 kB
+ First Load JS shared by all             102 kB
  Γö£ chunks/255-4efeec91c7871d79.js       45.7 kB
  Γö£ chunks/4bd1b696-c023c6e3521b1417.js  54.2 kB
  Γöö other shared chunks (total)          1.99 kB


Γùï  (Static)  prerendered as static content

